DEBUG:ApplicationWindow.py:open_dialog_box:   FileName:Group5_Song3_full.wav
DEBUG:ApplicationWindow.py:open_dialog_box:   FileName:Group7_Song3_Full.wav
INFO:audio.py:MixAudios:   Slider value: 0
INFO:audio.py:MixAudios:   Sample rate 1: 44100, Sample rate 2: 44100
INFO:audio.py:MixAudios:   length data 1: 2646000
length data 2: 2646000
INFO:ApplicationWindow.py:SetTable:   Setting Table
INFO:audio.py:MixAudios:   Slider value: 15
INFO:audio.py:MixAudios:   Sample rate 1: 44100, Sample rate 2: 44100
INFO:audio.py:MixAudios:   length data 1: 2646000
length data 2: 2646000
INFO:ApplicationWindow.py:SetTable:   Setting Table
INFO:audio.py:MixAudios:   Slider value: 23
INFO:audio.py:MixAudios:   Sample rate 1: 44100, Sample rate 2: 44100
INFO:audio.py:MixAudios:   length data 1: 2646000
length data 2: 2646000
INFO:ApplicationWindow.py:SetTable:   Setting Table
INFO:audio.py:MixAudios:   Slider value: 32
INFO:audio.py:MixAudios:   Sample rate 1: 44100, Sample rate 2: 44100
INFO:audio.py:MixAudios:   length data 1: 2646000
length data 2: 2646000
INFO:ApplicationWindow.py:SetTable:   Setting Table
INFO:audio.py:MixAudios:   Slider value: 48
INFO:audio.py:MixAudios:   Sample rate 1: 44100, Sample rate 2: 44100
INFO:audio.py:MixAudios:   length data 1: 2646000
length data 2: 2646000
INFO:ApplicationWindow.py:SetTable:   Setting Table
DEBUG:ApplicationWindow.py:open_dialog_box:   FileName:Group3_Song1_Music.wav
INFO:audio.py:MixAudios:   Slider value: 48
INFO:audio.py:MixAudios:   Sample rate 1: 48000, Sample rate 2: 44100
INFO:audio.py:MixAudios:   Output sample rate: 48000
INFO:audio.py:MixAudios:   length data 1: 2880000
length data 2: 2646000
INFO:audio.py:MixAudios:   length data 1: 2880000
length data 2: 2880000
INFO:ApplicationWindow.py:SetTable:   Setting Table
DEBUG:ApplicationWindow.py:open_dialog_box:   FileName:Group3_Song1_Vocal.wav
INFO:audio.py:MixAudios:   Slider value: 48
INFO:audio.py:MixAudios:   Sample rate 1: 48000, Sample rate 2: 48000
INFO:audio.py:MixAudios:   length data 1: 2880000
length data 2: 2880000
INFO:ApplicationWindow.py:SetTable:   Setting Table
INFO:audio.py:MixAudios:   Slider value: 28
INFO:audio.py:MixAudios:   Sample rate 1: 48000, Sample rate 2: 48000
INFO:audio.py:MixAudios:   length data 1: 2880000
length data 2: 2880000
INFO:ApplicationWindow.py:SetTable:   Setting Table
